<?xml version="1.0" encoding="UTF-8"?>
<!-- Generated by org.testng.reporters.JUnitReportReporter -->
<testsuite hostname="TYSS-Yogita" failures="0" tests="1" name="testScripts.SampleTest" time="8.886" errors="0" timestamp="15 Apr 2022 09:53:16 GMT" skipped="0">
  <testcase classname="testScripts.SampleTest" name="ts_01" time="8.886"/>
</testsuite> <!-- testScripts.SampleTest -->
